<?xml version='1.0' encoding='UTF-8' standalone='no'?>
<Result>
  <Summary pass="12" failed="34" modules_done="56" modules_total="78" />
</Result>